<?xml version="1.0" encoding="UTF-8"?>
<!-- Generated by org.testng.reporters.JUnitReportReporter -->
<testsuite hostname="water7878778-All-Series" failures="0" tests="1" name="cinemacatalog.CinemaCatalogApplicationTests" time="0.024" errors="0" timestamp="24 Apr 2020 01:00:51 GMT">
  <testcase classname="cinemacatalog.CinemaCatalogApplicationTests" name="testIndex" time="0.024"/>
</testsuite> <!-- cinemacatalog.CinemaCatalogApplicationTests -->
