<?xml version="1.0" encoding="UTF-8"?>
<!-- Generated by org.testng.reporters.JUnitReportReporter -->
<testsuite hostname="water7878778-All-Series" failures="0" tests="1" name="cinemacatalog.CinemaCatalogApplicationTests" time="0.022" errors="0" timestamp="24 Apr 2020 01:01:16 GMT">
  <testcase classname="cinemacatalog.CinemaCatalogApplicationTests" name="testIndex" time="0.022"/>
</testsuite> <!-- cinemacatalog.CinemaCatalogApplicationTests -->
